<?xml version="1.0" encoding="UTF-8"?>
<coverage generated="1588636978064" clover="3.2.0">
  <project timestamp="1588636978065" name="All files">
    <metrics statements="3" coveredstatements="3" conditionals="0" coveredconditionals="0" methods="1" coveredmethods="1" elements="4" coveredelements="4" complexity="0" loc="3" ncloc="3" packages="1" files="1" classes="1"/>
    <file name="ReviewListItem.jsx" path="/home/adam/HR_Working_Directory/FEC/review_service/client/components/ReviewListItem.jsx">
      <metrics statements="3" coveredstatements="3" conditionals="0" coveredconditionals="0" methods="1" coveredmethods="1"/>
      <line num="4" count="1" type="stmt"/>
      <line num="15" count="1" type="stmt"/>
      <line num="17" count="1" type="stmt"/>
    </file>
  </project>
</coverage>
