{"/home/adam/HR_Working_Directory/FEC/review_service/__tests__/client/dummyData/dummyData.js": {"path":"/home/adam/HR_Working_Directory/FEC/review_service/__tests__/client/dummyData/dummyData.js","statementMap":{"0":{"start":{"line":1,"column":16},"end":{"line":77,"column":2}}},"fnMap":{},"branchMap":{},"s":{"0":3},"f":{},"b":{},"_coverageSchema":"1a1c01bbd47fc00a2c39e90264f33305004495a9","hash":"bc51d75a704a81fa9cb4676824234e743431c15d"}
,"/home/adam/HR_Working_Directory/FEC/review_service/client/App.jsx": {"path":"/home/adam/HR_Working_Directory/FEC/review_service/client/App.jsx","statementMap":{"0":{"start":{"line":6,"column":23},"end":{"line":11,"column":1}},"1":{"start":{"line":15,"column":4},"end":{"line":15,"column":17}},"2":{"start":{"line":17,"column":4},"end":{"line":45,"column":6}},"3":{"start":{"line":47,"column":4},"end":{"line":47,"column":56}},"4":{"start":{"line":51,"column":19},"end":{"line":51,"column":69}},"5":{"start":{"line":52,"column":4},"end":{"line":56,"column":7}},"6":{"start":{"line":55,"column":6},"end":{"line":55,"column":26}},"7":{"start":{"line":60,"column":28},"end":{"line":60,"column":38}},"8":{"start":{"line":62,"column":4},"end":{"line":69,"column":45}},"9":{"start":{"line":63,"column":26},"end":{"line":63,"column":41}},"10":{"start":{"line":65,"column":8},"end":{"line":67,"column":11}},"11":{"start":{"line":69,"column":24},"end":{"line":69,"column":41}},"12":{"start":{"line":73,"column":24},"end":{"line":73,"column":34}},"13":{"start":{"line":75,"column":4},"end":{"line":80,"column":6}}},"fnMap":{"0":{"name":"(anonymous_0)","decl":{"start":{"line":14,"column":2},"end":{"line":14,"column":3}},"loc":{"start":{"line":14,"column":21},"end":{"line":48,"column":3}},"line":14},"1":{"name":"(anonymous_1)","decl":{"start":{"line":50,"column":2},"end":{"line":50,"column":3}},"loc":{"start":{"line":50,"column":22},"end":{"line":57,"column":3}},"line":50},"2":{"name":"(anonymous_2)","decl":{"start":{"line":54,"column":7},"end":{"line":54,"column":8}},"loc":{"start":{"line":54,"column":13},"end":{"line":56,"column":5}},"line":54},"3":{"name":"(anonymous_3)","decl":{"start":{"line":59,"column":2},"end":{"line":59,"column":3}},"loc":{"start":{"line":59,"column":17},"end":{"line":70,"column":3}},"line":59},"4":{"name":"(anonymous_4)","decl":{"start":{"line":63,"column":12},"end":{"line":63,"column":13}},"loc":{"start":{"line":63,"column":26},"end":{"line":63,"column":41}},"line":63},"5":{"name":"(anonymous_5)","decl":{"start":{"line":64,"column":12},"end":{"line":64,"column":13}},"loc":{"start":{"line":64,"column":22},"end":{"line":68,"column":7}},"line":64},"6":{"name":"(anonymous_6)","decl":{"start":{"line":69,"column":13},"end":{"line":69,"column":14}},"loc":{"start":{"line":69,"column":22},"end":{"line":69,"column":43}},"line":69},"7":{"name":"(anonymous_7)","decl":{"start":{"line":72,"column":2},"end":{"line":72,"column":3}},"loc":{"start":{"line":72,"column":11},"end":{"line":81,"column":3}},"line":72}},"branchMap":{},"s":{"0":1,"1":1,"2":1,"3":1,"4":0,"5":0,"6":0,"7":0,"8":0,"9":0,"10":0,"11":0,"12":1,"13":1},"f":{"0":1,"1":0,"2":0,"3":0,"4":0,"5":0,"6":0,"7":1},"b":{},"_coverageSchema":"1a1c01bbd47fc00a2c39e90264f33305004495a9","hash":"e12a65fb258e9821c504b5f1000c127a5fcf6052"}
,"/home/adam/HR_Working_Directory/FEC/review_service/client/components/ReviewBadge.jsx": {"path":"/home/adam/HR_Working_Directory/FEC/review_service/client/components/ReviewBadge.jsx","statementMap":{"0":{"start":{"line":5,"column":20},"end":{"line":14,"column":1}},"1":{"start":{"line":6,"column":2},"end":{"line":12,"column":3}},"2":{"start":{"line":7,"column":4},"end":{"line":11,"column":6}},"3":{"start":{"line":13,"column":2},"end":{"line":13,"column":41}},"4":{"start":{"line":16,"column":26},"end":{"line":23,"column":1}},"5":{"start":{"line":27,"column":0},"end":{"line":30,"column":2}}},"fnMap":{"0":{"name":"(anonymous_0)","decl":{"start":{"line":5,"column":20},"end":{"line":5,"column":21}},"loc":{"start":{"line":5,"column":46},"end":{"line":14,"column":1}},"line":5}},"branchMap":{"0":{"loc":{"start":{"line":6,"column":2},"end":{"line":12,"column":3}},"type":"if","locations":[{"start":{"line":6,"column":2},"end":{"line":12,"column":3}},{"start":{"line":6,"column":2},"end":{"line":12,"column":3}}],"line":6}},"s":{"0":4,"1":2,"2":1,"3":1,"4":4,"5":4},"f":{"0":2},"b":{"0":[1,1]},"_coverageSchema":"1a1c01bbd47fc00a2c39e90264f33305004495a9","hash":"8b47a65c95f2e1f33d6b85c82ca8d5fd82c9fb97"}
,"/home/adam/HR_Working_Directory/FEC/review_service/client/components/ReviewHeader.jsx": {"path":"/home/adam/HR_Working_Directory/FEC/review_service/client/components/ReviewHeader.jsx","statementMap":{"0":{"start":{"line":8,"column":0},"end":{"line":8,"column":22}},"1":{"start":{"line":10,"column":18},"end":{"line":17,"column":1}},"2":{"start":{"line":19,"column":14},"end":{"line":22,"column":1}},"3":{"start":{"line":24,"column":18},"end":{"line":28,"column":1}},"4":{"start":{"line":30,"column":17},"end":{"line":32,"column":1}},"5":{"start":{"line":34,"column":13},"end":{"line":35,"column":1}},"6":{"start":{"line":37,"column":14},"end":{"line":45,"column":1}},"7":{"start":{"line":47,"column":21},"end":{"line":59,"column":1}},"8":{"start":{"line":48,"column":2},"end":{"line":58,"column":14}},"9":{"start":{"line":61,"column":27},"end":{"line":64,"column":1}},"10":{"start":{"line":68,"column":0},"end":{"line":96,"column":2}}},"fnMap":{"0":{"name":"(anonymous_0)","decl":{"start":{"line":47,"column":21},"end":{"line":47,"column":22}},"loc":{"start":{"line":48,"column":2},"end":{"line":58,"column":14}},"line":48}},"branchMap":{},"s":{"0":4,"1":4,"2":4,"3":4,"4":4,"5":4,"6":4,"7":4,"8":4,"9":4,"10":4},"f":{"0":4},"b":{},"_coverageSchema":"1a1c01bbd47fc00a2c39e90264f33305004495a9","hash":"17fd62ee30ec5bc531508a36f9e19b4b85990e6a"}
,"/home/adam/HR_Working_Directory/FEC/review_service/client/components/ReviewList.jsx": {"path":"/home/adam/HR_Working_Directory/FEC/review_service/client/components/ReviewList.jsx","statementMap":{"0":{"start":{"line":6,"column":19},"end":{"line":14,"column":1}},"1":{"start":{"line":7,"column":22},"end":{"line":7,"column":27}},"2":{"start":{"line":9,"column":2},"end":{"line":13,"column":4}},"3":{"start":{"line":11,"column":31},"end":{"line":11,"column":82}},"4":{"start":{"line":18,"column":0},"end":{"line":20,"column":2}}},"fnMap":{"0":{"name":"(anonymous_0)","decl":{"start":{"line":6,"column":19},"end":{"line":6,"column":20}},"loc":{"start":{"line":6,"column":30},"end":{"line":14,"column":1}},"line":6},"1":{"name":"(anonymous_1)","decl":{"start":{"line":11,"column":19},"end":{"line":11,"column":20}},"loc":{"start":{"line":11,"column":31},"end":{"line":11,"column":82}},"line":11}},"branchMap":{},"s":{"0":2,"1":1,"2":1,"3":3,"4":2},"f":{"0":1,"1":3},"b":{},"_coverageSchema":"1a1c01bbd47fc00a2c39e90264f33305004495a9","hash":"dcc5fbed4a6fba325ca170340270f225e42c169f"}
,"/home/adam/HR_Working_Directory/FEC/review_service/client/components/ReviewListItem.jsx": {"path":"/home/adam/HR_Working_Directory/FEC/review_service/client/components/ReviewListItem.jsx","statementMap":{"0":{"start":{"line":11,"column":18},"end":{"line":23,"column":1}},"1":{"start":{"line":25,"column":15},"end":{"line":28,"column":1}},"2":{"start":{"line":30,"column":16},"end":{"line":33,"column":1}},"3":{"start":{"line":35,"column":16},"end":{"line":38,"column":1}},"4":{"start":{"line":40,"column":13},"end":{"line":44,"column":1}},"5":{"start":{"line":47,"column":23},"end":{"line":65,"column":1}},"6":{"start":{"line":48,"column":21},"end":{"line":48,"column":26}},"7":{"start":{"line":50,"column":2},"end":{"line":64,"column":4}},"8":{"start":{"line":69,"column":0},"end":{"line":96,"column":2}}},"fnMap":{"0":{"name":"(anonymous_0)","decl":{"start":{"line":47,"column":23},"end":{"line":47,"column":24}},"loc":{"start":{"line":47,"column":34},"end":{"line":65,"column":1}},"line":47}},"branchMap":{},"s":{"0":3,"1":3,"2":3,"3":3,"4":3,"5":3,"6":5,"7":5,"8":3},"f":{"0":5},"b":{},"_coverageSchema":"1a1c01bbd47fc00a2c39e90264f33305004495a9","hash":"c271fb7227e1fab8a34aed2a055ad98de9f49e19"}
,"/home/adam/HR_Working_Directory/FEC/review_service/client/components/ReviewOwned.jsx": {"path":"/home/adam/HR_Working_Directory/FEC/review_service/client/components/ReviewOwned.jsx","statementMap":{"0":{"start":{"line":5,"column":14},"end":{"line":8,"column":1}},"1":{"start":{"line":10,"column":18},"end":{"line":32,"column":1}},"2":{"start":{"line":11,"column":2},"end":{"line":13,"column":3}},"3":{"start":{"line":12,"column":4},"end":{"line":12,"column":20}},"4":{"start":{"line":15,"column":2},"end":{"line":17,"column":3}},"5":{"start":{"line":16,"column":4},"end":{"line":16,"column":21}},"6":{"start":{"line":19,"column":2},"end":{"line":21,"column":3}},"7":{"start":{"line":20,"column":4},"end":{"line":20,"column":22}},"8":{"start":{"line":23,"column":2},"end":{"line":25,"column":3}},"9":{"start":{"line":24,"column":4},"end":{"line":24,"column":22}},"10":{"start":{"line":27,"column":2},"end":{"line":29,"column":3}},"11":{"start":{"line":28,"column":4},"end":{"line":28,"column":30}},"12":{"start":{"line":31,"column":2},"end":{"line":31,"column":12}},"13":{"start":{"line":34,"column":20},"end":{"line":39,"column":1}},"14":{"start":{"line":35,"column":2},"end":{"line":38,"column":8}},"15":{"start":{"line":41,"column":26},"end":{"line":47,"column":1}},"16":{"start":{"line":51,"column":0},"end":{"line":54,"column":2}}},"fnMap":{"0":{"name":"(anonymous_0)","decl":{"start":{"line":10,"column":18},"end":{"line":10,"column":19}},"loc":{"start":{"line":10,"column":33},"end":{"line":32,"column":1}},"line":10},"1":{"name":"(anonymous_1)","decl":{"start":{"line":34,"column":20},"end":{"line":34,"column":21}},"loc":{"start":{"line":35,"column":2},"end":{"line":38,"column":8}},"line":35}},"branchMap":{"0":{"loc":{"start":{"line":11,"column":2},"end":{"line":13,"column":3}},"type":"if","locations":[{"start":{"line":11,"column":2},"end":{"line":13,"column":3}},{"start":{"line":11,"column":2},"end":{"line":13,"column":3}}],"line":11},"1":{"loc":{"start":{"line":15,"column":2},"end":{"line":17,"column":3}},"type":"if","locations":[{"start":{"line":15,"column":2},"end":{"line":17,"column":3}},{"start":{"line":15,"column":2},"end":{"line":17,"column":3}}],"line":15},"2":{"loc":{"start":{"line":19,"column":2},"end":{"line":21,"column":3}},"type":"if","locations":[{"start":{"line":19,"column":2},"end":{"line":21,"column":3}},{"start":{"line":19,"column":2},"end":{"line":21,"column":3}}],"line":19},"3":{"loc":{"start":{"line":23,"column":2},"end":{"line":25,"column":3}},"type":"if","locations":[{"start":{"line":23,"column":2},"end":{"line":25,"column":3}},{"start":{"line":23,"column":2},"end":{"line":25,"column":3}}],"line":23},"4":{"loc":{"start":{"line":27,"column":2},"end":{"line":29,"column":3}},"type":"if","locations":[{"start":{"line":27,"column":2},"end":{"line":29,"column":3}},{"start":{"line":27,"column":2},"end":{"line":29,"column":3}}],"line":27}},"s":{"0":4,"1":4,"2":5,"3":1,"4":4,"5":1,"6":3,"7":1,"8":2,"9":1,"10":1,"11":1,"12":0,"13":4,"14":5,"15":4,"16":4},"f":{"0":5,"1":5},"b":{"0":[1,4],"1":[1,3],"2":[1,2],"3":[1,1],"4":[1,0]},"_coverageSchema":"1a1c01bbd47fc00a2c39e90264f33305004495a9","hash":"4b98d22cce4c69e39bff2ae9c6252fe6d759a10c"}
,"/home/adam/HR_Working_Directory/FEC/review_service/client/components/ReviewRecommend.jsx": {"path":"/home/adam/HR_Working_Directory/FEC/review_service/client/components/ReviewRecommend.jsx","statementMap":{"0":{"start":{"line":5,"column":14},"end":{"line":7,"column":1}},"1":{"start":{"line":9,"column":24},"end":{"line":24,"column":1}},"2":{"start":{"line":10,"column":2},"end":{"line":17,"column":3}},"3":{"start":{"line":11,"column":4},"end":{"line":16,"column":6}},"4":{"start":{"line":18,"column":2},"end":{"line":23,"column":4}},"5":{"start":{"line":26,"column":30},"end":{"line":32,"column":1}},"6":{"start":{"line":36,"column":0},"end":{"line":39,"column":2}}},"fnMap":{"0":{"name":"(anonymous_0)","decl":{"start":{"line":9,"column":24},"end":{"line":9,"column":25}},"loc":{"start":{"line":9,"column":54},"end":{"line":24,"column":1}},"line":9}},"branchMap":{"0":{"loc":{"start":{"line":10,"column":2},"end":{"line":17,"column":3}},"type":"if","locations":[{"start":{"line":10,"column":2},"end":{"line":17,"column":3}},{"start":{"line":10,"column":2},"end":{"line":17,"column":3}}],"line":10}},"s":{"0":4,"1":4,"2":2,"3":1,"4":1,"5":4,"6":4},"f":{"0":2},"b":{"0":[1,1]},"_coverageSchema":"1a1c01bbd47fc00a2c39e90264f33305004495a9","hash":"deb433fc6ee0a45055fe10e8a9a58c0b01e65bbe"}
,"/home/adam/HR_Working_Directory/FEC/review_service/client/components/ReviewText.jsx": {"path":"/home/adam/HR_Working_Directory/FEC/review_service/client/components/ReviewText.jsx","statementMap":{"0":{"start":{"line":5,"column":19},"end":{"line":9,"column":1}},"1":{"start":{"line":6,"column":2},"end":{"line":8,"column":8}},"2":{"start":{"line":12,"column":25},"end":{"line":18,"column":1}},"3":{"start":{"line":22,"column":0},"end":{"line":25,"column":2}}},"fnMap":{"0":{"name":"(anonymous_0)","decl":{"start":{"line":5,"column":19},"end":{"line":5,"column":20}},"loc":{"start":{"line":6,"column":2},"end":{"line":8,"column":8}},"line":6}},"branchMap":{},"s":{"0":4,"1":1,"2":4,"3":4},"f":{"0":1},"b":{},"_coverageSchema":"1a1c01bbd47fc00a2c39e90264f33305004495a9","hash":"b972271efeb4445ff7b9654da00f4a88c299b433"}
}
