{"/home/adam/HR_Working_Directory/FEC/review_service/client/components/ReviewListItem.jsx": {"path":"/home/adam/HR_Working_Directory/FEC/review_service/client/components/ReviewListItem.jsx","statementMap":{"0":{"start":{"line":4,"column":23},"end":{"line":34,"column":1}},"1":{"start":{"line":15,"column":6},"end":{"line":15,"column":18}},"2":{"start":{"line":17,"column":2},"end":{"line":33,"column":4}}},"fnMap":{"0":{"name":"(anonymous_0)","decl":{"start":{"line":4,"column":23},"end":{"line":4,"column":24}},"loc":{"start":{"line":4,"column":34},"end":{"line":34,"column":1}},"line":4}},"branchMap":{},"s":{"0":1,"1":1,"2":1},"f":{"0":1},"b":{},"_coverageSchema":"1a1c01bbd47fc00a2c39e90264f33305004495a9","hash":"e5597538d8ba0f137f175dec79489fecd067057f"}
}
