TN:
SF:__tests__/client/dummyData/dummyData.js
FNF:0
FNH:0
DA:1,3
LF:1
LH:1
BRF:0
BRH:0
end_of_record
TN:
SF:client/App.jsx
FN:14,(anonymous_0)
FN:50,(anonymous_1)
FN:54,(anonymous_2)
FN:59,(anonymous_3)
FN:63,(anonymous_4)
FN:64,(anonymous_5)
FN:69,(anonymous_6)
FN:72,(anonymous_7)
FNF:8
FNH:2
FNDA:1,(anonymous_0)
FNDA:0,(anonymous_1)
FNDA:0,(anonymous_2)
FNDA:0,(anonymous_3)
FNDA:0,(anonymous_4)
FNDA:0,(anonymous_5)
FNDA:0,(anonymous_6)
FNDA:1,(anonymous_7)
DA:6,1
DA:15,1
DA:17,1
DA:47,1
DA:51,0
DA:52,0
DA:55,0
DA:60,0
DA:62,0
DA:63,0
DA:65,0
DA:69,0
DA:73,1
DA:75,1
LF:14
LH:6
BRF:0
BRH:0
end_of_record
TN:
SF:client/components/ReviewBadge.jsx
FN:5,(anonymous_0)
FNF:1
FNH:1
FNDA:2,(anonymous_0)
DA:5,4
DA:6,2
DA:7,1
DA:13,1
DA:16,4
DA:27,4
LF:6
LH:6
BRDA:6,0,0,1
BRDA:6,0,1,1
BRF:2
BRH:2
end_of_record
TN:
SF:client/components/ReviewHeader.jsx
FN:47,(anonymous_0)
FNF:1
FNH:1
FNDA:4,(anonymous_0)
DA:8,4
DA:10,4
DA:19,4
DA:24,4
DA:30,4
DA:34,4
DA:37,4
DA:47,4
DA:48,4
DA:61,4
DA:68,4
LF:11
LH:11
BRF:0
BRH:0
end_of_record
TN:
SF:client/components/ReviewList.jsx
FN:6,(anonymous_0)
FN:11,(anonymous_1)
FNF:2
FNH:2
FNDA:1,(anonymous_0)
FNDA:3,(anonymous_1)
DA:6,2
DA:7,1
DA:9,1
DA:11,3
DA:18,2
LF:5
LH:5
BRF:0
BRH:0
end_of_record
TN:
SF:client/components/ReviewListItem.jsx
FN:47,(anonymous_0)
FNF:1
FNH:1
FNDA:5,(anonymous_0)
DA:11,3
DA:25,3
DA:30,3
DA:35,3
DA:40,3
DA:47,3
DA:48,5
DA:50,5
DA:69,3
LF:9
LH:9
BRF:0
BRH:0
end_of_record
TN:
SF:client/components/ReviewOwned.jsx
FN:10,(anonymous_0)
FN:34,(anonymous_1)
FNF:2
FNH:2
FNDA:5,(anonymous_0)
FNDA:5,(anonymous_1)
DA:5,4
DA:10,4
DA:11,5
DA:12,1
DA:15,4
DA:16,1
DA:19,3
DA:20,1
DA:23,2
DA:24,1
DA:27,1
DA:28,1
DA:31,0
DA:34,4
DA:35,5
DA:41,4
DA:51,4
LF:17
LH:16
BRDA:11,0,0,1
BRDA:11,0,1,4
BRDA:15,1,0,1
BRDA:15,1,1,3
BRDA:19,2,0,1
BRDA:19,2,1,2
BRDA:23,3,0,1
BRDA:23,3,1,1
BRDA:27,4,0,1
BRDA:27,4,1,0
BRF:10
BRH:9
end_of_record
TN:
SF:client/components/ReviewRecommend.jsx
FN:9,(anonymous_0)
FNF:1
FNH:1
FNDA:2,(anonymous_0)
DA:5,4
DA:9,4
DA:10,2
DA:11,1
DA:18,1
DA:26,4
DA:36,4
LF:7
LH:7
BRDA:10,0,0,1
BRDA:10,0,1,1
BRF:2
BRH:2
end_of_record
TN:
SF:client/components/ReviewText.jsx
FN:5,(anonymous_0)
FNF:1
FNH:1
FNDA:1,(anonymous_0)
DA:5,4
DA:6,1
DA:12,4
DA:22,4
LF:4
LH:4
BRF:0
BRH:0
end_of_record
